<?xml version="1.0" encoding="UTF-8"?>
<!-- Generated by org.testng.reporters.JUnitXMLReporter -->
<testsuite hostname="DESKTOP-K40N5H6" ignored="0" name="Test" tests="4" failures="0" timestamp="2020-09-27T17:02:28 IST" time="42.259" errors="0">
  <testcase name="getTitleValidation" time="0.231" classname="Academy.NavigationBarValidation"/>
  <testcase name="navigationDemo" time="2.308" classname="Academy.HomePage"/>
  <testcase name="navigationDemo" time="2.223" classname="Academy.HomePage"/>
  <testcase name="getTitleValidation" time="0.081" classname="Academy.ValidatingTitle"/>
</testsuite> <!-- Test -->
