<?xml version="1.0" encoding="UTF-8"?>
<!-- Generated by org.testng.reporters.JUnitXMLReporter -->
<testsuite hostname="DESKTOP-K40N5H6" ignored="0" name="ValidatingTitleTest" tests="1" failures="1" timestamp="2020-09-30T02:53:17 IST" time="10.802" errors="0">
  <testcase name="getTitleValidation" time="0.093" classname="Academy.ValidatingTitle">
    <failure type="java.lang.AssertionError" message="expected [FEATURED COURSES123] but found [FEATURED COURSES]">
      <![CDATA[java.lang.AssertionError: expected [FEATURED COURSES123] but found [FEATURED COURSES]
at Academy.ValidatingTitle.getTitleValidation(ValidatingTitle.java:33)
at java.util.ArrayList.forEach(ArrayList.java:1259)
... Removed 33 stack frames]]>
    </failure>
  </testcase> <!-- getTitleValidation -->
</testsuite> <!-- ValidatingTitleTest -->
