<?xml version="1.0" encoding="UTF-8"?>
<testng-results skipped="0" failed="0" ignored="0" total="4" passed="4">
  <reporter-output>
  </reporter-output>
  <suite name="Suite" duration-ms="54662" started-at="2020-10-02T01:11:45 IST" finished-at="2020-10-02T01:12:40 IST">
    <groups>
    </groups>
    <test name="NavigationBarValidationTest" duration-ms="18724" started-at="2020-10-02T01:11:45 IST" finished-at="2020-10-02T01:12:04 IST">
      <class name="Academy.NavigationBarValidation">
        <test-method status="PASS" signature="configMethod()[pri:0, instance:Academy.NavigationBarValidation@72035809]" name="configMethod" is-config="true" duration-ms="17188" started-at="2020-10-02T01:11:45 IST" finished-at="2020-10-02T01:12:03 IST">
          <reporter-output>
          </reporter-output>
        </test-method> <!-- configMethod -->
        <test-method status="PASS" signature="getTitleValidation()[pri:0, instance:Academy.NavigationBarValidation@72035809]" name="getTitleValidation" duration-ms="461" started-at="2020-10-02T01:12:03 IST" finished-at="2020-10-02T01:12:03 IST">
          <reporter-output>
          </reporter-output>
        </test-method> <!-- getTitleValidation -->
        <test-method status="PASS" signature="closeDown()[pri:0, instance:Academy.NavigationBarValidation@72035809]" name="closeDown" is-config="true" duration-ms="953" started-at="2020-10-02T01:12:03 IST" finished-at="2020-10-02T01:12:04 IST">
          <reporter-output>
          </reporter-output>
        </test-method> <!-- closeDown -->
      </class> <!-- Academy.NavigationBarValidation -->
    </test> <!-- NavigationBarValidationTest -->
    <test name="HomePageTest" duration-ms="22483" started-at="2020-10-02T01:12:05 IST" finished-at="2020-10-02T01:12:28 IST">
      <class name="Academy.HomePage">
        <test-method status="PASS" signature="configMethod()[pri:0, instance:Academy.HomePage@3e08ff24]" name="configMethod" is-config="true" duration-ms="8277" started-at="2020-10-02T01:12:05 IST" finished-at="2020-10-02T01:12:14 IST">
          <reporter-output>
          </reporter-output>
        </test-method> <!-- configMethod -->
        <test-method status="PASS" signature="navigationDemo(java.lang.String, java.lang.String)[pri:0, instance:Academy.HomePage@3e08ff24]" name="navigationDemo" duration-ms="2352" started-at="2020-10-02T01:12:14 IST" data-provider="getData" finished-at="2020-10-02T01:12:16 IST">
          <params>
            <param index="0">
              <value>
                <![CDATA[hi@dd.com]]>
              </value>
            </param>
            <param index="1">
              <value>
                <![CDATA[qwert]]>
              </value>
            </param>
          </params>
          <reporter-output>
          </reporter-output>
        </test-method> <!-- navigationDemo -->
        <test-method status="PASS" signature="closeDown()[pri:0, instance:Academy.HomePage@3e08ff24]" name="closeDown" is-config="true" duration-ms="189" started-at="2020-10-02T01:12:16 IST" finished-at="2020-10-02T01:12:16 IST">
          <reporter-output>
          </reporter-output>
        </test-method> <!-- closeDown -->
        <test-method status="PASS" signature="configMethod()[pri:0, instance:Academy.HomePage@3e08ff24]" name="configMethod" is-config="true" duration-ms="9169" started-at="2020-10-02T01:12:16 IST" finished-at="2020-10-02T01:12:25 IST">
          <reporter-output>
          </reporter-output>
        </test-method> <!-- configMethod -->
        <test-method status="PASS" signature="navigationDemo(java.lang.String, java.lang.String)[pri:0, instance:Academy.HomePage@3e08ff24]" name="navigationDemo" duration-ms="2153" started-at="2020-10-02T01:12:25 IST" data-provider="getData" finished-at="2020-10-02T01:12:28 IST">
          <params>
            <param index="0">
              <value>
                <![CDATA[Hellow@dd.com]]>
              </value>
            </param>
            <param index="1">
              <value>
                <![CDATA[asdfg]]>
              </value>
            </param>
          </params>
          <reporter-output>
          </reporter-output>
        </test-method> <!-- navigationDemo -->
        <test-method status="PASS" signature="closeDown()[pri:0, instance:Academy.HomePage@3e08ff24]" name="closeDown" is-config="true" duration-ms="317" started-at="2020-10-02T01:12:28 IST" finished-at="2020-10-02T01:12:28 IST">
          <reporter-output>
          </reporter-output>
        </test-method> <!-- closeDown -->
      </class> <!-- Academy.HomePage -->
    </test> <!-- HomePageTest -->
    <test name="ValidatingTitleTest" duration-ms="11899" started-at="2020-10-02T01:12:28 IST" finished-at="2020-10-02T01:12:40 IST">
      <class name="Academy.ValidatingTitle">
        <test-method status="PASS" signature="configMethod()[pri:0, instance:Academy.ValidatingTitle@59402b8f]" name="configMethod" is-config="true" duration-ms="6920" started-at="2020-10-02T01:12:28 IST" finished-at="2020-10-02T01:12:35 IST">
          <reporter-output>
          </reporter-output>
        </test-method> <!-- configMethod -->
        <test-method status="PASS" signature="getTitleValidation()[pri:0, instance:Academy.ValidatingTitle@59402b8f]" name="getTitleValidation" duration-ms="3460" started-at="2020-10-02T01:12:35 IST" finished-at="2020-10-02T01:12:38 IST">
          <reporter-output>
          </reporter-output>
        </test-method> <!-- getTitleValidation -->
        <test-method status="PASS" signature="closeDown()[pri:0, instance:Academy.ValidatingTitle@59402b8f]" name="closeDown" is-config="true" duration-ms="1514" started-at="2020-10-02T01:12:38 IST" finished-at="2020-10-02T01:12:40 IST">
          <reporter-output>
          </reporter-output>
        </test-method> <!-- closeDown -->
      </class> <!-- Academy.ValidatingTitle -->
    </test> <!-- ValidatingTitleTest -->
  </suite> <!-- Suite -->
</testng-results>
